[debug] [2022-11-28T16:47:21.331Z] ----------------------------------------------------------------------
[debug] [2022-11-28T16:47:21.333Z] Command:       C:\Program Files\nodejs\node.exe C:\Users\COMPUTER WORLD\AppData\Roaming\npm\node_modules\firebase-tools\lib\bin\firebase.js deploy
[debug] [2022-11-28T16:47:21.333Z] CLI Version:   11.16.1
[debug] [2022-11-28T16:47:21.333Z] Platform:      win32
[debug] [2022-11-28T16:47:21.334Z] Node Version:  v16.17.1
[debug] [2022-11-28T16:47:21.334Z] Time:          Mon Nov 28 2022 22:47:21 GMT+0600 (Bangladesh Standard Time)
[debug] [2022-11-28T16:47:21.335Z] ----------------------------------------------------------------------
[debug] 
[debug] [2022-11-28T16:47:21.433Z] > command requires scopes: ["email","openid","https://www.googleapis.com/auth/cloudplatformprojects.readonly","https://www.googleapis.com/auth/firebase","https://www.googleapis.com/auth/cloud-platform"]
[debug] [2022-11-28T16:47:21.433Z] > authorizing via signed-in user (shimul.101bd.tech@gmail.com)
[debug] [2022-11-28T16:47:21.433Z] [iam] checking project i-tech-d1dc8 for permissions ["firebase.projects.get","firebasehosting.sites.update"]
[debug] [2022-11-28T16:47:21.435Z] >>> [apiv2][query] POST https://cloudresourcemanager.googleapis.com/v1/projects/i-tech-d1dc8:testIamPermissions [none]
[debug] [2022-11-28T16:47:21.436Z] >>> [apiv2][(partial)header] POST https://cloudresourcemanager.googleapis.com/v1/projects/i-tech-d1dc8:testIamPermissions x-goog-quota-user=projects/i-tech-d1dc8
[debug] [2022-11-28T16:47:21.436Z] >>> [apiv2][body] POST https://cloudresourcemanager.googleapis.com/v1/projects/i-tech-d1dc8:testIamPermissions {"permissions":["firebase.projects.get","firebasehosting.sites.update"]}
[debug] [2022-11-28T16:47:23.293Z] <<< [apiv2][status] POST https://cloudresourcemanager.googleapis.com/v1/projects/i-tech-d1dc8:testIamPermissions 200
[debug] [2022-11-28T16:47:23.293Z] <<< [apiv2][body] POST https://cloudresourcemanager.googleapis.com/v1/projects/i-tech-d1dc8:testIamPermissions {"permissions":["firebase.projects.get","firebasehosting.sites.update"]}
[debug] [2022-11-28T16:47:23.294Z] >>> [apiv2][query] GET https://firebase.googleapis.com/v1beta1/projects/i-tech-d1dc8 [none]
[debug] [2022-11-28T16:47:23.867Z] <<< [apiv2][status] GET https://firebase.googleapis.com/v1beta1/projects/i-tech-d1dc8 200
[debug] [2022-11-28T16:47:23.868Z] <<< [apiv2][body] GET https://firebase.googleapis.com/v1beta1/projects/i-tech-d1dc8 {"projectId":"i-tech-d1dc8","projectNumber":"542572652222","displayName":"i-tech","name":"projects/i-tech-d1dc8","resources":{"hostingSite":"i-tech-d1dc8"},"state":"ACTIVE","etag":"1_f4043bcf-c0d6-4dad-b107-4606420a65d0"}
[info] 
[info] === Deploying to 'i-tech-d1dc8'...
[info] 
[info] i  deploying hosting 
[debug] [2022-11-28T16:47:23.875Z] >>> [apiv2][query] POST https://firebasehosting.googleapis.com/v1beta1/projects/-/sites/i-tech-d1dc8/versions [none]
[debug] [2022-11-28T16:47:23.876Z] >>> [apiv2][body] POST https://firebasehosting.googleapis.com/v1beta1/projects/-/sites/i-tech-d1dc8/versions {"status":"CREATED","labels":{"deployment-tool":"cli-firebase"}}
[debug] [2022-11-28T16:47:25.251Z] <<< [apiv2][status] POST https://firebasehosting.googleapis.com/v1beta1/projects/-/sites/i-tech-d1dc8/versions 200
[debug] [2022-11-28T16:47:25.252Z] <<< [apiv2][body] POST https://firebasehosting.googleapis.com/v1beta1/projects/-/sites/i-tech-d1dc8/versions {"name":"projects/542572652222/sites/i-tech-d1dc8/versions/bfd676f1a0d49e64","status":"CREATED","config":{},"labels":{"deployment-tool":"cli-firebase"}}
[info] i  hosting[i-tech-d1dc8]: beginning deploy... 
[info] i  hosting[i-tech-d1dc8]: found 17 files in build 
[debug] [2022-11-28T16:47:25.296Z] [hosting] uploading with 200 concurrency
[debug] [2022-11-28T16:47:25.651Z] [hosting] hash cache [YnVpbGQ] stored for 17 files
[debug] [2022-11-28T16:47:25.652Z] [hosting][hash queue][FINAL] {"max":343,"min":4,"avg":33.94117647058823,"active":0,"complete":17,"success":17,"errored":0,"retried":0,"total":17,"elapsed":352}
[debug] [2022-11-28T16:47:25.652Z] >>> [apiv2][query] POST https://firebasehosting.googleapis.com/v1beta1/projects/542572652222/sites/i-tech-d1dc8/versions/bfd676f1a0d49e64:populateFiles [none]
[debug] [2022-11-28T16:47:25.652Z] >>> [apiv2][body] POST https://firebasehosting.googleapis.com/v1beta1/projects/542572652222/sites/i-tech-d1dc8/versions/bfd676f1a0d49e64:populateFiles {"files":{"/categories.json":"a37059976e22a0252e95ebd46684ef57c652fa77d8d05a4875b21b82d3e40271","/favicon.ico":"f87d19de92ff16985ebc621d849856021d9b1899d6d7e64e4030c0cb0b446af4","/laptops.json":"2e0ec5711b7df79f10a8b3c72cfe90c3c4b4a385d7bc8d292d94495c13e1325c","/logo192.png":"3ee59515172ee198f3be375979df15ac5345183e656720a381b8872b2a39dc8b","/logo512.png":"ee7e2f3fdb8209c4b6fd7bef6ba50d1b9dba30a25bb5c3126df057e1cb6f5331","/manifest.json":"aff3449bdc238776f5d6d967f19ec491b36aed5fb7f23ccff6500736fd58494a","/robots.txt":"bfe106a3fb878dc83461c86818bf74fc1bdc7f28538ba613cd3e775516ce8b49","/asset-manifest.json":"f9f0be4b0630f6a53fc76e606f0c0b29063b039d2cca8061b657a5f0b9626fbf","/index.html":"0cc84c77c36d0d2888d7edf79de6a7654db79e782b8e85b6ef8404cb5139568e","/static/js/787.babb29e0.chunk.js":"e8742805da9613cf12e7afd3291b9295387692abdaccd30a9889dbb1c857074d","/static/js/787.babb29e0.chunk.js.map":"0052ab34102399113dfa4ee02d65626b25702503ddecb8d8113e35e74a60b588","/static/js/main.93ff5dda.js.LICENSE.txt":"f621b4e7f4e61953028a8d52b85cfaaac237bfffcb40034341de36786ecc3b16","/static/css/main.0485fc0d.css.map":"b7b6e8ca822ea3312455053da4a3ec70c6b8700e666e48ac3dd09ba341f1b6c8","/static/css/main.0485fc0d.css":"217798f1b5d518feb3c3824e1b51e07dd64d7eb7c7689012108a66ef111110b7","/static/media/i-Tech_logo.086d39e5e3c7bc078046.png":"9524617372838f4eefd5f0537ae9fee2077718e83ac34d726d8fb243dd0c69f0","/static/js/main.93ff5dda.js":"e92415b19b0b6d3ead4ab2ad5b99e0d396a7d2d143b6342f3c9fdf5cd22ce4c6","/static/js/main.93ff5dda.js.map":"2fd0d9910768205bd8faf14e7f8cc315fa49496668081b4d502ccb0210b4fa54"}}
[debug] [2022-11-28T16:47:26.858Z] <<< [apiv2][status] POST https://firebasehosting.googleapis.com/v1beta1/projects/542572652222/sites/i-tech-d1dc8/versions/bfd676f1a0d49e64:populateFiles 200
[debug] [2022-11-28T16:47:26.858Z] <<< [apiv2][body] POST https://firebasehosting.googleapis.com/v1beta1/projects/542572652222/sites/i-tech-d1dc8/versions/bfd676f1a0d49e64:populateFiles {"uploadRequiredHashes":["e92415b19b0b6d3ead4ab2ad5b99e0d396a7d2d143b6342f3c9fdf5cd22ce4c6","f9f0be4b0630f6a53fc76e606f0c0b29063b039d2cca8061b657a5f0b9626fbf","0cc84c77c36d0d2888d7edf79de6a7654db79e782b8e85b6ef8404cb5139568e","2fd0d9910768205bd8faf14e7f8cc315fa49496668081b4d502ccb0210b4fa54"],"uploadUrl":"https://upload-firebasehosting.googleapis.com/upload/sites/i-tech-d1dc8/versions/bfd676f1a0d49e64/files"}
[debug] [2022-11-28T16:47:26.863Z] >>> [apiv2][query] POST https://upload-firebasehosting.googleapis.com/upload/sites/i-tech-d1dc8/versions/bfd676f1a0d49e64/files/e92415b19b0b6d3ead4ab2ad5b99e0d396a7d2d143b6342f3c9fdf5cd22ce4c6 [none]
[debug] [2022-11-28T16:47:26.863Z] >>> [apiv2][body] POST https://upload-firebasehosting.googleapis.com/upload/sites/i-tech-d1dc8/versions/bfd676f1a0d49e64/files/e92415b19b0b6d3ead4ab2ad5b99e0d396a7d2d143b6342f3c9fdf5cd22ce4c6 [stream]
[debug] [2022-11-28T16:47:26.867Z] >>> [apiv2][query] POST https://upload-firebasehosting.googleapis.com/upload/sites/i-tech-d1dc8/versions/bfd676f1a0d49e64/files/f9f0be4b0630f6a53fc76e606f0c0b29063b039d2cca8061b657a5f0b9626fbf [none]
[debug] [2022-11-28T16:47:26.867Z] >>> [apiv2][body] POST https://upload-firebasehosting.googleapis.com/upload/sites/i-tech-d1dc8/versions/bfd676f1a0d49e64/files/f9f0be4b0630f6a53fc76e606f0c0b29063b039d2cca8061b657a5f0b9626fbf [stream]
[debug] [2022-11-28T16:47:26.871Z] >>> [apiv2][query] POST https://upload-firebasehosting.googleapis.com/upload/sites/i-tech-d1dc8/versions/bfd676f1a0d49e64/files/0cc84c77c36d0d2888d7edf79de6a7654db79e782b8e85b6ef8404cb5139568e [none]
[debug] [2022-11-28T16:47:26.872Z] >>> [apiv2][body] POST https://upload-firebasehosting.googleapis.com/upload/sites/i-tech-d1dc8/versions/bfd676f1a0d49e64/files/0cc84c77c36d0d2888d7edf79de6a7654db79e782b8e85b6ef8404cb5139568e [stream]
[debug] [2022-11-28T16:47:26.875Z] >>> [apiv2][query] POST https://upload-firebasehosting.googleapis.com/upload/sites/i-tech-d1dc8/versions/bfd676f1a0d49e64/files/2fd0d9910768205bd8faf14e7f8cc315fa49496668081b4d502ccb0210b4fa54 [none]
[debug] [2022-11-28T16:47:26.875Z] >>> [apiv2][body] POST https://upload-firebasehosting.googleapis.com/upload/sites/i-tech-d1dc8/versions/bfd676f1a0d49e64/files/2fd0d9910768205bd8faf14e7f8cc315fa49496668081b4d502ccb0210b4fa54 [stream]
[debug] [2022-11-28T16:47:26.879Z] [hosting][populate queue][FINAL] {"max":1212,"min":1212,"avg":1212,"active":0,"complete":1,"success":1,"errored":0,"retried":0,"total":1,"elapsed":1229}
[debug] [2022-11-28T16:47:26.880Z] [hosting] uploads queued: 4
[debug] [2022-11-28T16:47:28.680Z] <<< [apiv2][status] POST https://upload-firebasehosting.googleapis.com/upload/sites/i-tech-d1dc8/versions/bfd676f1a0d49e64/files/e92415b19b0b6d3ead4ab2ad5b99e0d396a7d2d143b6342f3c9fdf5cd22ce4c6 200
[debug] [2022-11-28T16:47:28.680Z] <<< [apiv2][body] POST https://upload-firebasehosting.googleapis.com/upload/sites/i-tech-d1dc8/versions/bfd676f1a0d49e64/files/e92415b19b0b6d3ead4ab2ad5b99e0d396a7d2d143b6342f3c9fdf5cd22ce4c6 [stream]
[debug] [2022-11-28T16:47:29.246Z] <<< [apiv2][status] POST https://upload-firebasehosting.googleapis.com/upload/sites/i-tech-d1dc8/versions/bfd676f1a0d49e64/files/0cc84c77c36d0d2888d7edf79de6a7654db79e782b8e85b6ef8404cb5139568e 200
[debug] [2022-11-28T16:47:29.247Z] <<< [apiv2][body] POST https://upload-firebasehosting.googleapis.com/upload/sites/i-tech-d1dc8/versions/bfd676f1a0d49e64/files/0cc84c77c36d0d2888d7edf79de6a7654db79e782b8e85b6ef8404cb5139568e [stream]
[debug] [2022-11-28T16:47:29.405Z] <<< [apiv2][status] POST https://upload-firebasehosting.googleapis.com/upload/sites/i-tech-d1dc8/versions/bfd676f1a0d49e64/files/2fd0d9910768205bd8faf14e7f8cc315fa49496668081b4d502ccb0210b4fa54 200
[debug] [2022-11-28T16:47:29.406Z] <<< [apiv2][body] POST https://upload-firebasehosting.googleapis.com/upload/sites/i-tech-d1dc8/versions/bfd676f1a0d49e64/files/2fd0d9910768205bd8faf14e7f8cc315fa49496668081b4d502ccb0210b4fa54 [stream]
[debug] [2022-11-28T16:47:30.342Z] <<< [apiv2][status] POST https://upload-firebasehosting.googleapis.com/upload/sites/i-tech-d1dc8/versions/bfd676f1a0d49e64/files/f9f0be4b0630f6a53fc76e606f0c0b29063b039d2cca8061b657a5f0b9626fbf 200
[debug] [2022-11-28T16:47:30.342Z] <<< [apiv2][body] POST https://upload-firebasehosting.googleapis.com/upload/sites/i-tech-d1dc8/versions/bfd676f1a0d49e64/files/f9f0be4b0630f6a53fc76e606f0c0b29063b039d2cca8061b657a5f0b9626fbf [stream]
[debug] [2022-11-28T16:47:30.343Z] [hosting][upload queue][FINAL] {"max":3482,"min":1822,"avg":2558.75,"active":0,"complete":4,"success":4,"errored":0,"retried":0,"total":4,"elapsed":3484}
[info] +  hosting[i-tech-d1dc8]: file upload complete 
[debug] [2022-11-28T16:47:30.347Z] [hosting] deploy completed after 5088ms
[debug] [2022-11-28T16:47:30.353Z] [
  {
    "config": {
      "public": "build",
      "ignore": [
        "firebase.json",
        "**/.*",
        "**/node_modules/**"
      ],
      "rewrites": [
        {
          "source": "**",
          "destination": "/index.html"
        }
      ],
      "site": "i-tech-d1dc8"
    },
    "version": "projects/542572652222/sites/i-tech-d1dc8/versions/bfd676f1a0d49e64"
  }
]
[info] i  hosting[i-tech-d1dc8]: finalizing version... 
[debug] [2022-11-28T16:47:30.363Z] >>> [apiv2][query] PATCH https://firebasehosting.googleapis.com/v1beta1/projects/-/sites/i-tech-d1dc8/versions/bfd676f1a0d49e64 updateMask=status%2Cconfig
[debug] [2022-11-28T16:47:30.364Z] >>> [apiv2][body] PATCH https://firebasehosting.googleapis.com/v1beta1/projects/-/sites/i-tech-d1dc8/versions/bfd676f1a0d49e64 {"status":"FINALIZED","config":{"rewrites":[{"glob":"**","path":"/index.html"}]}}
[debug] [2022-11-28T16:47:31.684Z] <<< [apiv2][status] PATCH https://firebasehosting.googleapis.com/v1beta1/projects/-/sites/i-tech-d1dc8/versions/bfd676f1a0d49e64 200
[debug] [2022-11-28T16:47:31.685Z] <<< [apiv2][body] PATCH https://firebasehosting.googleapis.com/v1beta1/projects/-/sites/i-tech-d1dc8/versions/bfd676f1a0d49e64 {"name":"projects/542572652222/sites/i-tech-d1dc8/versions/bfd676f1a0d49e64","status":"FINALIZED","config":{"rewrites":[{"glob":"**","path":"/index.html"}]},"labels":{"deployment-tool":"cli-firebase"},"createTime":"2022-11-28T16:49:30.805826Z","createUser":{"email":"shimul.101bd.tech@gmail.com"},"finalizeTime":"2022-11-28T16:49:37.756330Z","finalizeUser":{"email":"shimul.101bd.tech@gmail.com"}}
[debug] [2022-11-28T16:47:31.685Z] [hosting] finalized version for i-tech-d1dc8:[object Object]
[info] +  hosting[i-tech-d1dc8]: version finalized 
[info] i  hosting[i-tech-d1dc8]: releasing new version... 
[debug] [2022-11-28T16:47:31.688Z] >>> [apiv2][query] POST https://firebasehosting.googleapis.com/v1beta1/projects/-/sites/i-tech-d1dc8/channels/live/releases versionName=projects%2F542572652222%2Fsites%2Fi-tech-d1dc8%2Fversions%2Fbfd676f1a0d49e64
[debug] [2022-11-28T16:47:31.688Z] >>> [apiv2][body] POST https://firebasehosting.googleapis.com/v1beta1/projects/-/sites/i-tech-d1dc8/channels/live/releases {}
[debug] [2022-11-28T16:47:32.992Z] <<< [apiv2][status] POST https://firebasehosting.googleapis.com/v1beta1/projects/-/sites/i-tech-d1dc8/channels/live/releases 200
[debug] [2022-11-28T16:47:32.997Z] <<< [apiv2][body] POST https://firebasehosting.googleapis.com/v1beta1/projects/-/sites/i-tech-d1dc8/channels/live/releases {"name":"projects/542572652222/sites/i-tech-d1dc8/channels/live/releases/1669654178343498","version":{"name":"projects/542572652222/sites/i-tech-d1dc8/versions/bfd676f1a0d49e64","status":"FINALIZED","config":{"rewrites":[{"glob":"**","path":"/index.html"}]},"labels":{"deployment-tool":"cli-firebase"},"createTime":"2022-11-28T16:49:30.805826Z","createUser":{"email":"shimul.101bd.tech@gmail.com","imageUrl":"https://lh3.googleusercontent.com/a/ALm5wu3k-0Zx-Lmf36yXfW0XGJyCYdqXZIBCfk2FaJIF"},"finalizeTime":"2022-11-28T16:49:37.756330Z","finalizeUser":{"email":"shimul.101bd.tech@gmail.com","imageUrl":"https://lh3.googleusercontent.com/a/ALm5wu3k-0Zx-Lmf36yXfW0XGJyCYdqXZIBCfk2FaJIF"}},"type":"DEPLOY","releaseTime":"2022-11-28T16:49:38.343498322Z","releaseUser":{"email":"shimul.101bd.tech@gmail.com","imageUrl":"https://lh3.googleusercontent.com/a/ALm5wu3k-0Zx-Lmf36yXfW0XGJyCYdqXZIBCfk2FaJIF"}}
[debug] [2022-11-28T16:47:32.998Z] [hosting] release: {"name":"projects/542572652222/sites/i-tech-d1dc8/channels/live/releases/1669654178343498","version":{"name":"projects/542572652222/sites/i-tech-d1dc8/versions/bfd676f1a0d49e64","status":"FINALIZED","config":{"rewrites":[{"glob":"**","path":"/index.html"}]},"labels":{"deployment-tool":"cli-firebase"},"createTime":"2022-11-28T16:49:30.805826Z","createUser":{"email":"shimul.101bd.tech@gmail.com","imageUrl":"https://lh3.googleusercontent.com/a/ALm5wu3k-0Zx-Lmf36yXfW0XGJyCYdqXZIBCfk2FaJIF"},"finalizeTime":"2022-11-28T16:49:37.756330Z","finalizeUser":{"email":"shimul.101bd.tech@gmail.com","imageUrl":"https://lh3.googleusercontent.com/a/ALm5wu3k-0Zx-Lmf36yXfW0XGJyCYdqXZIBCfk2FaJIF"}},"type":"DEPLOY","releaseTime":"2022-11-28T16:49:38.343498322Z","releaseUser":{"email":"shimul.101bd.tech@gmail.com","imageUrl":"https://lh3.googleusercontent.com/a/ALm5wu3k-0Zx-Lmf36yXfW0XGJyCYdqXZIBCfk2FaJIF"}}
[info] +  hosting[i-tech-d1dc8]: release complete 
[info] 
[info] +  Deploy complete! 
[info] 
[info] Project Console: https://console.firebase.google.com/project/i-tech-d1dc8/overview
[info] Hosting URL: https://i-tech-d1dc8.web.app
[debug] [2022-11-28T16:47:38.796Z] Error: Timed out.
    at Timeout._onTimeout (C:\Users\COMPUTER WORLD\AppData\Roaming\npm\node_modules\firebase-tools\lib\utils.js:253:49)
    at listOnTimeout (node:internal/timers:559:17)
    at processTimers (node:internal/timers:502:7)
[error] 
[error] Error: An unexpected error has occurred.
